<?xml version="1.0" encoding="UTF-8"?>
<!-- Generated by org.testng.reporters.JUnitXMLReporter -->
<testsuite hostname="BDC6-DX-6FF9NK2" ignored="1" name="Test" tests="20" failures="8" timestamp="17 Sep 2019 10:06:32 GMT" time="0.189" errors="0">
  <testcase name="f" time="0.01" classname="com.test.data"/>
  <testcase name="f" time="0.002" classname="com.test.data"/>
  <testcase name="testdemo" time="0.004" classname="com.test.demo1"/>
  <testcase name="testdemo1" time="0.001" classname="com.test.demo1"/>
  <testcase name="testdemo10" time="0.004" classname="com.test.demo1">
    <failure type="java.lang.AssertionError" message="expected [5] but found [4]">
      <![CDATA[java.lang.AssertionError: expected [5] but found [4]
at com.test.demo1.testdemo10(demo1.java:72)
... Removed 31 stack frames]]>
    </failure>
  </testcase> <!-- testdemo10 -->
  <testcase name="testdemo11" time="0.01" classname="com.test.demo1">
    <failure type="java.lang.AssertionError" message="The following asserts failed:
	expected [rutu] but found [rutuja]">
      <![CDATA[java.lang.AssertionError: The following asserts failed:
expected [rutu] but found [rutuja]
at com.test.demo1.testdemo11(demo1.java:84)
... Removed 26 stack frames]]>
    </failure>
  </testcase> <!-- testdemo11 -->
  <testcase name="testdemo12" time="0.002" classname="com.test.demo1">
    <failure type="java.lang.AssertionError" message="expected [5] but found [4]">
      <![CDATA[java.lang.AssertionError: expected [5] but found [4]
at com.test.demo1.testdemo12(demo1.java:89)
... Removed 31 stack frames]]>
    </failure>
  </testcase> <!-- testdemo12 -->
  <testcase name="testdemo2" time="0.003" classname="com.test.demo1"/>
  <testcase name="testdemo3" time="0.002" classname="com.test.demo1"/>
  <testcase name="testdemo4" time="0.001" classname="com.test.demo1">
    <failure type="java.lang.AssertionError" message="expected [rutu] but found [rutuja]">
      <![CDATA[java.lang.AssertionError: expected [rutu] but found [rutuja]
at com.test.demo1.testdemo4(demo1.java:35)
... Removed 31 stack frames]]>
    </failure>
  </testcase> <!-- testdemo4 -->
  <testcase name="testdemo5" time="0.001" classname="com.test.demo1"/>
  <testcase name="testdemo6" time="0.002" classname="com.test.demo1">
    <failure type="java.lang.AssertionError" message="expected [null] but found [java.lang.Object@6737fd8f]">
      <![CDATA[java.lang.AssertionError: expected [null] but found [java.lang.Object@6737fd8f]
at com.test.demo1.testdemo6(demo1.java:47)
... Removed 29 stack frames]]>
    </failure>
  </testcase> <!-- testdemo6 -->
  <testcase name="testdemo7" time="0.002" classname="com.test.demo1">
    <failure type="java.lang.AssertionError" message="expected [java.lang.Object@68bbe345] but found [null]">
      <![CDATA[java.lang.AssertionError: expected [java.lang.Object@68bbe345] but found [null]
at com.test.demo1.testdemo7(demo1.java:54)
... Removed 29 stack frames]]>
    </failure>
  </testcase> <!-- testdemo7 -->
  <testcase name="testdemo8" time="0.004" classname="com.test.demo1">
    <failure type="java.lang.AssertionError" message="expected [java.lang.Object@4bbfb90a] but found [java.lang.Object@7c29daf3]">
      <![CDATA[java.lang.AssertionError: expected [java.lang.Object@4bbfb90a] but found [java.lang.Object@7c29daf3]
at com.test.demo1.testdemo8(demo1.java:61)
... Removed 29 stack frames]]>
    </failure>
  </testcase> <!-- testdemo8 -->
  <testcase name="testdemo9" time="0.001" classname="com.test.demo1">
    <failure type="java.lang.AssertionError" message="failed">
      <![CDATA[java.lang.AssertionError: failed
at com.test.demo1.testdemo9(demo1.java:66)
... Removed 26 stack frames]]>
    </failure>
  </testcase> <!-- testdemo9 -->
  <testcase name="f" time="0.001" classname="com.test.NewTest"/>
  <testcase name="f1" time="0.0" classname="com.test.NewTest"/>
  <testcase name="f" time="0.001" classname="com.test.demo"/>
  <testcase name="login" time="0.001" classname="com.test.demo"/>
  <testcase name="register" time="0.004" classname="com.test.demo"/>
  <testcase name="logout" time="0.0" classname="com.test.demo">
    <ignored/>
  </testcase> <!-- logout -->
</testsuite> <!-- Test -->
